05-Oct-2023 08:21:13.557 INFORMACIÓN [main] org.apache.catalina.startup.VersionLoggerListener.log Nombre de la versión del servidor: Apache Tomcat/8.5.93
05-Oct-2023 08:21:13.561 INFORMACIÓN [main] org.apache.catalina.startup.VersionLoggerListener.log Server built:                      Aug 23 2023 22:43:14 UTC
05-Oct-2023 08:21:13.561 INFORMACIÓN [main] org.apache.catalina.startup.VersionLoggerListener.log Número de versión de servidor:     8.5.93.0
05-Oct-2023 08:21:13.561 INFORMACIÓN [main] org.apache.catalina.startup.VersionLoggerListener.log OS Name:                           Linux
05-Oct-2023 08:21:13.561 INFORMACIÓN [main] org.apache.catalina.startup.VersionLoggerListener.log Versión de Systema Operativo:      5.14.0-1048-oem
05-Oct-2023 08:21:13.562 INFORMACIÓN [main] org.apache.catalina.startup.VersionLoggerListener.log Arquitectura:                      amd64
05-Oct-2023 08:21:13.562 INFORMACIÓN [main] org.apache.catalina.startup.VersionLoggerListener.log Java Home:                         /usr/lib/jvm/java-17-openjdk-amd64
05-Oct-2023 08:21:13.562 INFORMACIÓN [main] org.apache.catalina.startup.VersionLoggerListener.log JVM Version:                       17.0.8.1+1-Ubuntu-0ubuntu122.04
05-Oct-2023 08:21:13.562 INFORMACIÓN [main] org.apache.catalina.startup.VersionLoggerListener.log Vededor JVM:                       Private Build
05-Oct-2023 08:21:13.562 INFORMACIÓN [main] org.apache.catalina.startup.VersionLoggerListener.log CATALINA_BASE:                     /home/raman01/JAVA BOOTCAMP/EXAMPLES/CLASE-06/JSPSample
05-Oct-2023 08:21:13.562 INFORMACIÓN [main] org.apache.catalina.startup.VersionLoggerListener.log CATALINA_HOME:                     /home/raman01/apache-tomcat-8.5.93
05-Oct-2023 08:21:13.564 INFORMACIÓN [main] org.apache.catalina.startup.VersionLoggerListener.log Command line argument:             --add-opens=java.base/java.lang=ALL-UNNAMED
05-Oct-2023 08:21:13.564 INFORMACIÓN [main] org.apache.catalina.startup.VersionLoggerListener.log Command line argument:             --add-opens=java.base/java.io=ALL-UNNAMED
05-Oct-2023 08:21:13.564 INFORMACIÓN [main] org.apache.catalina.startup.VersionLoggerListener.log Command line argument:             --add-opens=java.base/java.util=ALL-UNNAMED
05-Oct-2023 08:21:13.564 INFORMACIÓN [main] org.apache.catalina.startup.VersionLoggerListener.log Command line argument:             --add-opens=java.base/java.util.concurrent=ALL-UNNAMED
05-Oct-2023 08:21:13.564 INFORMACIÓN [main] org.apache.catalina.startup.VersionLoggerListener.log Command line argument:             --add-opens=java.rmi/sun.rmi.transport=ALL-UNNAMED
05-Oct-2023 08:21:13.565 INFORMACIÓN [main] org.apache.catalina.startup.VersionLoggerListener.log Command line argument:             -Dcatalina.home=/home/raman01/apache-tomcat-8.5.93
05-Oct-2023 08:21:13.565 INFORMACIÓN [main] org.apache.catalina.startup.VersionLoggerListener.log Command line argument:             -Dcatalina.base=/home/raman01/JAVA BOOTCAMP/EXAMPLES/CLASE-06/JSPSample
05-Oct-2023 08:21:13.565 INFORMACIÓN [main] org.apache.catalina.startup.VersionLoggerListener.log Command line argument:             -Djava.io.tmpdir=/home/raman01/JAVA BOOTCAMP/EXAMPLES/CLASE-06/JSPSample/temp
05-Oct-2023 08:21:13.565 INFORMACIÓN [main] org.apache.catalina.startup.VersionLoggerListener.log Command line argument:             -Djava.util.logging.config.file=/home/raman01/JAVA BOOTCAMP/EXAMPLES/CLASE-06/JSPSample/conf/logging.properties
05-Oct-2023 08:21:13.565 INFORMACIÓN [main] org.apache.catalina.startup.VersionLoggerListener.log Command line argument:             -Djava.util.logging.manager=org.apache.juli.ClassLoaderLogManager
05-Oct-2023 08:21:13.565 INFORMACIÓN [main] org.apache.catalina.startup.VersionLoggerListener.log Command line argument:             -javaagent:/snap/intellij-idea-community/456/lib/idea_rt.jar=33279:/snap/intellij-idea-community/456/bin
05-Oct-2023 08:21:13.565 INFORMACIÓN [main] org.apache.catalina.startup.VersionLoggerListener.log Command line argument:             -Dfile.encoding=UTF-8
05-Oct-2023 08:21:13.565 INFORMACIÓN [main] org.apache.catalina.core.AprLifecycleListener.lifecycleEvent La biblioteca nativa de Apache Tomcat basada en ARP que permite un rendimiento óptimo en entornos de desarrollo no ha sido hallada en java.library.path: [/usr/java/packages/lib:/usr/lib/x86_64-linux-gnu/jni:/lib/x86_64-linux-gnu:/usr/lib/x86_64-linux-gnu:/usr/lib/jni:/lib:/usr/lib]
05-Oct-2023 08:21:13.605 INFORMACIÓN [main] org.apache.coyote.AbstractProtocol.init Inicializando el manejador de protocolo ["http-nio-8080"]

05-Oct-2023 08:21:13.624 INFORMACIÓN [main] org.apache.catalina.startup.Catalina.load Initialization processed in 584 ms
05-Oct-2023 08:21:13.662 INFORMACIÓN [main] org.apache.catalina.core.StandardService.startInternal Arrancando servicio [Catalina]
05-Oct-2023 08:21:13.662 INFORMACIÓN [main] org.apache.catalina.core.StandardEngine.startInternal Starting Servlet engine: [Apache Tomcat/8.5.93]
05-Oct-2023 08:21:13.671 INFORMACIÓN [localhost-startStop-1] org.apache.catalina.startup.HostConfig.deployDescriptor Desplieque del descriptor de configuración [/home/raman01/JAVA BOOTCAMP/EXAMPLES/CLASE-06/JSPSample/conf/Catalina/localhost/JSPSample.xml]
05-Oct-2023 08:21:13.777 ADVERTENCIA [localhost-startStop-1] org.apache.tomcat.util.descriptor.web.WebXml.setVersion Unknown version string [4.0]. Default version will be used.
05-Oct-2023 08:21:13.978 INFORMACIÓN [localhost-startStop-1] org.apache.jasper.servlet.TldScanner.scanJars Al menos un JAR, que se ha explorado buscando TLDs, aún no contenía TLDs. Activar historial de depuración para este historiador para una completa lista de los JARs que fueron explorados y de los que nos se halló TLDs. Saltarse JARs no necesarios durante la exploración puede dar lugar a una mejora de tiempo significativa en el arranque y compilación de JSP .
05-Oct-2023 08:21:14.014 INFORMACIÓN [localhost-startStop-1] org.apache.catalina.startup.HostConfig.deployDescriptor Deployment of deployment descriptor [/home/raman01/JAVA BOOTCAMP/EXAMPLES/CLASE-06/JSPSample/conf/Catalina/localhost/JSPSample.xml] has finished in [341] ms
05-Oct-2023 08:21:14.016 INFORMACIÓN [main] org.apache.coyote.AbstractProtocol.start Starting ProtocolHandler ["http-nio-8080"]
05-Oct-2023 08:21:14.030 INFORMACIÓN [main] org.apache.catalina.startup.Catalina.start Server startup in 405 ms
05-Oct-2023 08:22:51.234 INFORMACIÓN [Thread-1] org.apache.coyote.AbstractProtocol.pause Pausing ProtocolHandler ["http-nio-8080"]
05-Oct-2023 08:22:51.236 INFORMACIÓN [Thread-1] org.apache.catalina.core.StandardService.stopInternal Parando servicio [Catalina]
05-Oct-2023 08:22:51.262 INFORMACIÓN [Thread-1] org.apache.coyote.AbstractProtocol.stop Stopping ProtocolHandler ["http-nio-8080"]
05-Oct-2023 08:22:51.270 INFORMACIÓN [Thread-1] org.apache.coyote.AbstractProtocol.destroy Destroying ProtocolHandler ["http-nio-8080"]
05-Oct-2023 08:38:48.673 INFORMACIÓN [main] org.apache.catalina.startup.VersionLoggerListener.log Nombre de la versión del servidor: Apache Tomcat/8.5.93
05-Oct-2023 08:38:48.684 INFORMACIÓN [main] org.apache.catalina.startup.VersionLoggerListener.log Server built:                      Aug 23 2023 22:43:14 UTC
05-Oct-2023 08:38:48.684 INFORMACIÓN [main] org.apache.catalina.startup.VersionLoggerListener.log Número de versión de servidor:     8.5.93.0
05-Oct-2023 08:38:48.684 INFORMACIÓN [main] org.apache.catalina.startup.VersionLoggerListener.log OS Name:                           Linux
05-Oct-2023 08:38:48.684 INFORMACIÓN [main] org.apache.catalina.startup.VersionLoggerListener.log Versión de Systema Operativo:      5.14.0-1048-oem
05-Oct-2023 08:38:48.684 INFORMACIÓN [main] org.apache.catalina.startup.VersionLoggerListener.log Arquitectura:                      amd64
05-Oct-2023 08:38:48.685 INFORMACIÓN [main] org.apache.catalina.startup.VersionLoggerListener.log Java Home:                         /usr/lib/jvm/java-17-openjdk-amd64
05-Oct-2023 08:38:48.685 INFORMACIÓN [main] org.apache.catalina.startup.VersionLoggerListener.log JVM Version:                       17.0.8.1+1-Ubuntu-0ubuntu122.04
05-Oct-2023 08:38:48.685 INFORMACIÓN [main] org.apache.catalina.startup.VersionLoggerListener.log Vededor JVM:                       Private Build
05-Oct-2023 08:38:48.685 INFORMACIÓN [main] org.apache.catalina.startup.VersionLoggerListener.log CATALINA_BASE:                     /home/raman01/JAVA BOOTCAMP/EXAMPLES/CLASE-06/JSPSample
05-Oct-2023 08:38:48.685 INFORMACIÓN [main] org.apache.catalina.startup.VersionLoggerListener.log CATALINA_HOME:                     /home/raman01/apache-tomcat-8.5.93
05-Oct-2023 08:38:48.686 INFORMACIÓN [main] org.apache.catalina.startup.VersionLoggerListener.log Command line argument:             --add-opens=java.base/java.lang=ALL-UNNAMED
05-Oct-2023 08:38:48.686 INFORMACIÓN [main] org.apache.catalina.startup.VersionLoggerListener.log Command line argument:             --add-opens=java.base/java.io=ALL-UNNAMED
05-Oct-2023 08:38:48.686 INFORMACIÓN [main] org.apache.catalina.startup.VersionLoggerListener.log Command line argument:             --add-opens=java.base/java.util=ALL-UNNAMED
05-Oct-2023 08:38:48.686 INFORMACIÓN [main] org.apache.catalina.startup.VersionLoggerListener.log Command line argument:             --add-opens=java.base/java.util.concurrent=ALL-UNNAMED
05-Oct-2023 08:38:48.686 INFORMACIÓN [main] org.apache.catalina.startup.VersionLoggerListener.log Command line argument:             --add-opens=java.rmi/sun.rmi.transport=ALL-UNNAMED
05-Oct-2023 08:38:48.686 INFORMACIÓN [main] org.apache.catalina.startup.VersionLoggerListener.log Command line argument:             -Dcatalina.home=/home/raman01/apache-tomcat-8.5.93
05-Oct-2023 08:38:48.687 INFORMACIÓN [main] org.apache.catalina.startup.VersionLoggerListener.log Command line argument:             -Dcatalina.base=/home/raman01/JAVA BOOTCAMP/EXAMPLES/CLASE-06/JSPSample
05-Oct-2023 08:38:48.687 INFORMACIÓN [main] org.apache.catalina.startup.VersionLoggerListener.log Command line argument:             -Djava.io.tmpdir=/home/raman01/JAVA BOOTCAMP/EXAMPLES/CLASE-06/JSPSample/temp
05-Oct-2023 08:38:48.687 INFORMACIÓN [main] org.apache.catalina.startup.VersionLoggerListener.log Command line argument:             -Djava.util.logging.config.file=/home/raman01/JAVA BOOTCAMP/EXAMPLES/CLASE-06/JSPSample/conf/logging.properties
05-Oct-2023 08:38:48.687 INFORMACIÓN [main] org.apache.catalina.startup.VersionLoggerListener.log Command line argument:             -Djava.util.logging.manager=org.apache.juli.ClassLoaderLogManager
05-Oct-2023 08:38:48.687 INFORMACIÓN [main] org.apache.catalina.startup.VersionLoggerListener.log Command line argument:             -javaagent:/snap/intellij-idea-community/456/lib/idea_rt.jar=38105:/snap/intellij-idea-community/456/bin
05-Oct-2023 08:38:48.687 INFORMACIÓN [main] org.apache.catalina.startup.VersionLoggerListener.log Command line argument:             -Dfile.encoding=UTF-8
05-Oct-2023 08:38:48.687 INFORMACIÓN [main] org.apache.catalina.core.AprLifecycleListener.lifecycleEvent La biblioteca nativa de Apache Tomcat basada en ARP que permite un rendimiento óptimo en entornos de desarrollo no ha sido hallada en java.library.path: [/usr/java/packages/lib:/usr/lib/x86_64-linux-gnu/jni:/lib/x86_64-linux-gnu:/usr/lib/x86_64-linux-gnu:/usr/lib/jni:/lib:/usr/lib]
05-Oct-2023 08:38:48.787 INFORMACIÓN [main] org.apache.coyote.AbstractProtocol.init Inicializando el manejador de protocolo ["http-nio-8080"]

05-Oct-2023 08:38:48.808 INFORMACIÓN [main] org.apache.catalina.startup.Catalina.load Initialization processed in 633 ms
05-Oct-2023 08:38:48.847 INFORMACIÓN [main] org.apache.catalina.core.StandardService.startInternal Arrancando servicio [Catalina]
05-Oct-2023 08:38:48.848 INFORMACIÓN [main] org.apache.catalina.core.StandardEngine.startInternal Starting Servlet engine: [Apache Tomcat/8.5.93]
05-Oct-2023 08:38:48.864 INFORMACIÓN [localhost-startStop-1] org.apache.catalina.startup.HostConfig.deployDescriptor Desplieque del descriptor de configuración [/home/raman01/JAVA BOOTCAMP/EXAMPLES/CLASE-06/JSPSample/conf/Catalina/localhost/JSPSample.xml]
05-Oct-2023 08:38:49.059 ADVERTENCIA [localhost-startStop-1] org.apache.tomcat.util.descriptor.web.WebXml.setVersion Unknown version string [4.0]. Default version will be used.
05-Oct-2023 08:38:49.241 INFORMACIÓN [localhost-startStop-1] org.apache.jasper.servlet.TldScanner.scanJars Al menos un JAR, que se ha explorado buscando TLDs, aún no contenía TLDs. Activar historial de depuración para este historiador para una completa lista de los JARs que fueron explorados y de los que nos se halló TLDs. Saltarse JARs no necesarios durante la exploración puede dar lugar a una mejora de tiempo significativa en el arranque y compilación de JSP .
05-Oct-2023 08:38:49.283 INFORMACIÓN [localhost-startStop-1] org.apache.catalina.startup.HostConfig.deployDescriptor Deployment of deployment descriptor [/home/raman01/JAVA BOOTCAMP/EXAMPLES/CLASE-06/JSPSample/conf/Catalina/localhost/JSPSample.xml] has finished in [417] ms
05-Oct-2023 08:38:49.285 INFORMACIÓN [main] org.apache.coyote.AbstractProtocol.start Starting ProtocolHandler ["http-nio-8080"]
05-Oct-2023 08:38:49.292 INFORMACIÓN [main] org.apache.catalina.startup.Catalina.start Server startup in 483 ms
05-Oct-2023 08:39:13.050 INFORMACIÓN [Thread-1] org.apache.coyote.AbstractProtocol.pause Pausing ProtocolHandler ["http-nio-8080"]
05-Oct-2023 08:39:13.052 INFORMACIÓN [Thread-1] org.apache.catalina.core.StandardService.stopInternal Parando servicio [Catalina]
05-Oct-2023 08:39:13.070 INFORMACIÓN [Thread-1] org.apache.coyote.AbstractProtocol.stop Stopping ProtocolHandler ["http-nio-8080"]
05-Oct-2023 08:39:13.077 INFORMACIÓN [Thread-1] org.apache.coyote.AbstractProtocol.destroy Destroying ProtocolHandler ["http-nio-8080"]
